Compiled jquery.js  (1ms)  (pid 12180)
Compiled jquery_ujs.js  (0ms)  (pid 12180)
Compiled categoria.js  (1198ms)  (pid 12180)
Compiled categorias.js  (377ms)  (pid 12180)
Compiled empresas.js  (273ms)  (pid 12180)
Compiled exames.js  (266ms)  (pid 12180)
Compiled funcionarios.js  (263ms)  (pid 12180)
Compiled page.js  (258ms)  (pid 12180)
Compiled users.js  (261ms)  (pid 12180)
Compiled application.js  (3149ms)  (pid 12180)
Compiled empresas.css  (37ms)  (pid 12180)
Compiled exames.css  (2ms)  (pid 12180)
Compiled funcionarios.css  (1ms)  (pid 12180)
Compiled javascripts.css  (0ms)  (pid 12180)
Compiled page.css  (0ms)  (pid 12180)
Compiled scaffolds.css  (8ms)  (pid 12180)
Compiled users.css  (1ms)  (pid 12180)
Compiled application.css  (151ms)  (pid 12180)
Compiled jquery.js  (3ms)  (pid 7488)
Compiled jquery_ujs.js  (1ms)  (pid 7488)
Compiled categoria.js  (267ms)  (pid 7488)
Compiled categorias.js  (266ms)  (pid 7488)
Compiled empresas.js  (268ms)  (pid 7488)
Compiled exames.js  (272ms)  (pid 7488)
Compiled funcionarios.js  (257ms)  (pid 7488)
Compiled page.js  (308ms)  (pid 7488)
Compiled users.js  (301ms)  (pid 7488)
Compiled application.js  (2093ms)  (pid 7488)
Compiled empresas.css  (30ms)  (pid 7488)
Compiled exames.css  (1ms)  (pid 7488)
Compiled funcionarios.css  (25ms)  (pid 7488)
Compiled javascripts.css  (2ms)  (pid 7488)
Compiled page.css  (2ms)  (pid 7488)
Compiled scaffolds.css  (9ms)  (pid 7488)
Compiled users.css  (2ms)  (pid 7488)
Compiled application.css  (164ms)  (pid 7488)
